Build started 12/10/2018 09:10:31.
     1>Project "C:\Users\yasme\Desktop\OpenGL-Glut.h-C-Project1\Assignment1.1\Assignment1.1\Assignment1.1.vcxproj" on node 2 (Build target(s)).
     1>ClCompile:
         C:\Program Files (x86)\Microsoft Visual Studio 2013\VC\bin\CL.exe /c /ZI /nologo /W3 /WX- /sdl /Od /Oy- /D WIN32 /D _DEBUG /D _CONSOLE /D _LIB /D _UNICODE /D UNICODE /Gm /EHsc /RTC1 /MDd /GS /fp:precise /Zc:wchar_t /Zc:forScope /Yu"stdafx.h" /Fp"Debug\Assignment1.1.pch" /Fo"Debug\\" /Fd"Debug\vc120.pdb" /Gd /TP /analyze- /errorReport:prompt Assignment1.1.cpp
         Assignment1.1.cpp
     1>c:\users\yasme\desktop\opengl-glut.h-c-project1\assignment1.1\assignment1.1\assignment1.1.cpp(156): warning C4018: '<' : signed/unsigned mismatch
     1>c:\users\yasme\desktop\opengl-glut.h-c-project1\assignment1.1\assignment1.1\assignment1.1.cpp(165): warning C4018: '<' : signed/unsigned mismatch
     1>c:\users\yasme\desktop\opengl-glut.h-c-project1\assignment1.1\assignment1.1\assignment1.1.cpp(173): warning C4018: '<' : signed/unsigned mismatch
     1>c:\users\yasme\desktop\opengl-glut.h-c-project1\assignment1.1\assignment1.1\assignment1.1.cpp(181): warning C4018: '<' : signed/unsigned mismatch
     1>c:\users\yasme\desktop\opengl-glut.h-c-project1\assignment1.1\assignment1.1\assignment1.1.cpp(547): warning C4172: returning address of local variable or temporary
     1>c:\users\yasme\desktop\opengl-glut.h-c-project1\assignment1.1\assignment1.1\assignment1.1.cpp(561): warning C4018: '<' : signed/unsigned mismatch
     1>c:\users\yasme\desktop\opengl-glut.h-c-project1\assignment1.1\assignment1.1\assignment1.1.cpp(575): warning C4018: '<' : signed/unsigned mismatch
     1>c:\users\yasme\desktop\opengl-glut.h-c-project1\assignment1.1\assignment1.1\assignment1.1.cpp(584): warning C4018: '<' : signed/unsigned mismatch
     1>c:\users\yasme\desktop\opengl-glut.h-c-project1\assignment1.1\assignment1.1\assignment1.1.cpp(593): warning C4018: '<' : signed/unsigned mismatch
       Link:
         C:\Program Files (x86)\Microsoft Visual Studio 2013\VC\bin\link.exe /ERRORREPORT:PROMPT /OUT:"C:\Users\yasme\Desktop\OpenGL-Glut.h-C-Project1\Assignment1.1\Debug\Assignment1.1.exe" /INCREMENTAL /NOLOGO kernel32.lib user32.lib gdi32.lib winspool.lib comdlg32.lib advapi32.lib shell32.lib ole32.lib oleaut32.lib uuid.lib odbc32.lib odbccp32.lib /MANIFEST /MANIFESTUAC:"level='asInvoker' uiAccess='false'" /manifest:embed /DEBUG /PDB:"C:\Users\yasme\Desktop\OpenGL-Glut.h-C-Project1\Assignment1.1\Debug\Assignment1.1.pdb" /SUBSYSTEM:CONSOLE /TLBID:1 /DYNAMICBASE /NXCOMPAT /IMPLIB:"C:\Users\yasme\Desktop\OpenGL-Glut.h-C-Project1\Assignment1.1\Debug\Assignment1.1.lib" /MACHINE:X86 Debug\Assignment1.1.obj
         Debug\stdafx.obj
         Assignment1.1.vcxproj -> C:\Users\yasme\Desktop\OpenGL-Glut.h-C-Project1\Assignment1.1\Debug\Assignment1.1.exe
     1>Done Building Project "C:\Users\yasme\Desktop\OpenGL-Glut.h-C-Project1\Assignment1.1\Assignment1.1\Assignment1.1.vcxproj" (Build target(s)).

Build succeeded.

Time Elapsed 00:00:02.03
